[debug] [2021-10-15T15:46:47.779Z] ----------------------------------------------------------------------
[debug] [2021-10-15T15:46:47.781Z] Command:       C:\Program Files\nodejs\node.exe C:\Users\experttech bd\AppData\Roaming\npm\node_modules\firebase-tools\lib\bin\firebase.js init
[debug] [2021-10-15T15:46:47.782Z] CLI Version:   9.20.0
[debug] [2021-10-15T15:46:47.782Z] Platform:      win32
[debug] [2021-10-15T15:46:47.782Z] Node Version:  v16.6.0
[debug] [2021-10-15T15:46:47.783Z] Time:          Fri Oct 15 2021 21:46:47 GMT+0600 (Bangladesh Standard Time)
[debug] [2021-10-15T15:46:47.783Z] ----------------------------------------------------------------------
[debug] 
[debug] [2021-10-15T15:46:47.839Z] > command requires scopes: ["email","openid","https://www.googleapis.com/auth/cloudplatformprojects.readonly","https://www.googleapis.com/auth/firebase","https://www.googleapis.com/auth/cloud-platform"]
[debug] [2021-10-15T15:46:47.839Z] > authorizing via signed-in user (codersabbir@gmail.com)
[info] 
     ######## #### ########  ######## ########     ###     ######  ########
     ##        ##  ##     ## ##       ##     ##  ##   ##  ##       ##
     ######    ##  ########  ######   ########  #########  ######  ######
     ##        ##  ##    ##  ##       ##     ## ##     ##       ## ##
     ##       #### ##     ## ######## ########  ##     ##  ######  ########

You're about to initialize a Firebase project in this directory:

  H:\ph\react\ema-john-with-auth-module-59

Before we get started, keep in mind:

  * You are initializing within an existing Firebase project directory

[info] 
=== Project Setup
[info] 
[info] First, let's associate this project directory with a Firebase project.
[info] You can create multiple project aliases by running firebase use --add, 
[info] but for now we'll just set up a default project.
[info] 
[info] i  .firebaserc already has a default project, using ema-john-simple-e9bd8. 
[debug] [2021-10-15T15:46:56.420Z] >>> [apiv2][query] GET https://firebase.googleapis.com/v1beta1/projects/ema-john-simple-e9bd8 [none]
[debug] [2021-10-15T15:46:57.043Z] <<< [apiv2][status] GET https://firebase.googleapis.com/v1beta1/projects/ema-john-simple-e9bd8 403
[debug] [2021-10-15T15:46:57.044Z] <<< [apiv2][body] GET https://firebase.googleapis.com/v1beta1/projects/ema-john-simple-e9bd8 {"error":{"code":403,"message":"The caller does not have permission","status":"PERMISSION_DENIED"}}
[debug] [2021-10-15T15:46:57.044Z] HTTP Error: 403, The caller does not have permission
[debug] [2021-10-15T15:46:57.348Z] FirebaseError: HTTP Error: 403, The caller does not have permission
    at module.exports (C:\Users\experttech bd\AppData\Roaming\npm\node_modules\firebase-tools\lib\responseToError.js:38:12)
    at Client.doRequest (C:\Users\experttech bd\AppData\Roaming\npm\node_modules\firebase-tools\lib\apiv2.js:238:23)
    at processTicksAndRejections (node:internal/process/task_queues:96:5)
    at async Client.request (C:\Users\experttech bd\AppData\Roaming\npm\node_modules\firebase-tools\lib\apiv2.js:96:20)
    at async Object.getFirebaseProject (C:\Users\experttech bd\AppData\Roaming\npm\node_modules\firebase-tools\lib\management\projects.js:290:21)
    at async Object.doSetup [as project] (C:\Users\experttech bd\AppData\Roaming\npm\node_modules\firebase-tools\lib\init\features\project.js:77:27)
    at async init (C:\Users\experttech bd\AppData\Roaming\npm\node_modules\firebase-tools\lib\init\index.js:19:9)
[error] 
[error] Error: Failed to get Firebase project ema-john-simple-e9bd8. Please make sure the project exists and your account has permission to access it.
